{"/Users/ishaankhurana/Documents/IndependentStudySpring2022/UnitTesting2-Mocking/LinkedInService/LinkedInService.ts": {"path":"/Users/ishaankhurana/Documents/IndependentStudySpring2022/UnitTesting2-Mocking/LinkedInService/LinkedInService.ts","statementMap":{"0":{"start":{"line":11,"column":4},"end":{"line":41,"column":null}},"1":{"start":{"line":12,"column":23},"end":{"line":12,"column":24}},"2":{"start":{"line":15,"column":27},"end":{"line":15,"column":44}},"3":{"start":{"line":16,"column":20},"end":{"line":16,"column":21}},"4":{"start":{"line":17,"column":22},"end":{"line":17,"column":41}},"5":{"start":{"line":18,"column":8},"end":{"line":18,"column":null}},"6":{"start":{"line":20,"column":8},"end":{"line":38,"column":null}},"7":{"start":{"line":21,"column":29},"end":{"line":21,"column":40}},"8":{"start":{"line":22,"column":12},"end":{"line":24,"column":null}},"9":{"start":{"line":23,"column":16},"end":{"line":23,"column":21}},"10":{"start":{"line":25,"column":12},"end":{"line":27,"column":null}},"11":{"start":{"line":26,"column":16},"end":{"line":26,"column":null}},"12":{"start":{"line":28,"column":30},"end":{"line":28,"column":92}},"13":{"start":{"line":29,"column":12},"end":{"line":30,"column":24}},"14":{"start":{"line":30,"column":16},"end":{"line":30,"column":24}},"15":{"start":{"line":31,"column":12},"end":{"line":36,"column":null}},"16":{"start":{"line":32,"column":16},"end":{"line":34,"column":null}},"17":{"start":{"line":33,"column":20},"end":{"line":33,"column":28}},"18":{"start":{"line":35,"column":16},"end":{"line":35,"column":null}},"19":{"start":{"line":37,"column":12},"end":{"line":37,"column":null}},"20":{"start":{"line":40,"column":8},"end":{"line":40,"column":null}},"21":{"start":{"line":43,"column":4},"end":{"line":46,"column":null}},"22":{"start":{"line":44,"column":28},"end":{"line":44,"column":87}},"23":{"start":{"line":45,"column":8},"end":{"line":45,"column":null}},"24":{"start":{"line":48,"column":4},"end":{"line":63,"column":null}},"25":{"start":{"line":49,"column":8},"end":{"line":62,"column":null}},"26":{"start":{"line":50,"column":26},"end":{"line":50,"column":67}},"27":{"start":{"line":51,"column":26},"end":{"line":51,"column":67}},"28":{"start":{"line":52,"column":12},"end":{"line":54,"column":null}},"29":{"start":{"line":53,"column":16},"end":{"line":53,"column":null}},"30":{"start":{"line":55,"column":12},"end":{"line":57,"column":null}},"31":{"start":{"line":56,"column":16},"end":{"line":56,"column":null}},"32":{"start":{"line":58,"column":12},"end":{"line":58,"column":null}},"33":{"start":{"line":60,"column":12},"end":{"line":60,"column":null}},"34":{"start":{"line":61,"column":12},"end":{"line":61,"column":18}},"35":{"start":{"line":8,"column":8},"end":{"line":8,"column":null}},"36":{"start":{"line":4,"column":0},"end":{"line":4,"column":13}}},"fnMap":{"0":{"name":"(anonymous_0)","decl":{"start":{"line":7,"column":4},"end":{"line":7,"column":16}},"loc":{"start":{"line":7,"column":49},"end":{"line":9,"column":5}}},"1":{"name":"(anonymous_1)","decl":{"start":{"line":11,"column":26},"end":{"line":11,"column":31}},"loc":{"start":{"line":11,"column":74},"end":{"line":41,"column":5}}},"2":{"name":"(anonymous_2)","decl":{"start":{"line":43,"column":21},"end":{"line":43,"column":26}},"loc":{"start":{"line":43,"column":64},"end":{"line":46,"column":5}}},"3":{"name":"(anonymous_3)","decl":{"start":{"line":48,"column":23},"end":{"line":48,"column":28}},"loc":{"start":{"line":48,"column":73},"end":{"line":63,"column":5}}}},"branchMap":{"0":{"loc":{"start":{"line":22,"column":12},"end":{"line":24,"column":null}},"type":"if","locations":[{"start":{"line":22,"column":12},"end":{"line":24,"column":null}}]},"1":{"loc":{"start":{"line":25,"column":12},"end":{"line":27,"column":null}},"type":"if","locations":[{"start":{"line":25,"column":12},"end":{"line":27,"column":null}}]},"2":{"loc":{"start":{"line":29,"column":12},"end":{"line":30,"column":24}},"type":"if","locations":[{"start":{"line":29,"column":12},"end":{"line":30,"column":24}}]},"3":{"loc":{"start":{"line":29,"column":16},"end":{"line":29,"column":52}},"type":"binary-expr","locations":[{"start":{"line":29,"column":16},"end":{"line":29,"column":26}},{"start":{"line":29,"column":30},"end":{"line":29,"column":52}}]},"4":{"loc":{"start":{"line":32,"column":16},"end":{"line":34,"column":null}},"type":"if","locations":[{"start":{"line":32,"column":16},"end":{"line":34,"column":null}}]},"5":{"loc":{"start":{"line":45,"column":15},"end":{"line":45,"column":32}},"type":"cond-expr","locations":[{"start":{"line":45,"column":15},"end":{"line":45,"column":26}},{"start":{"line":45,"column":30},"end":{"line":45,"column":32}}]},"6":{"loc":{"start":{"line":45,"column":15},"end":{"line":45,"column":30}},"type":"binary-expr","locations":[{"start":{"line":45,"column":15},"end":{"line":45,"column":30}},{"start":{"line":45,"column":15},"end":{"line":45,"column":30}}]},"7":{"loc":{"start":{"line":52,"column":12},"end":{"line":54,"column":null}},"type":"if","locations":[{"start":{"line":52,"column":12},"end":{"line":54,"column":null}}]},"8":{"loc":{"start":{"line":55,"column":12},"end":{"line":57,"column":null}},"type":"if","locations":[{"start":{"line":55,"column":12},"end":{"line":57,"column":null}}]}},"s":{"0":1,"1":2,"2":2,"3":2,"4":2,"5":2,"6":2,"7":4,"8":4,"9":1,"10":3,"11":3,"12":3,"13":3,"14":1,"15":2,"16":3,"17":1,"18":2,"19":2,"20":2,"21":1,"22":21,"23":21,"24":1,"25":2,"26":2,"27":2,"28":2,"29":0,"30":2,"31":0,"32":2,"33":0,"34":0,"35":1,"36":1},"f":{"0":1,"1":2,"2":21,"3":2},"b":{"0":[1],"1":[3],"2":[1],"3":[3,3],"4":[1],"5":[21,0],"6":[21,21],"7":[0],"8":[0]}}
}
