TN:
SF:LinkedInService/LinkedInService.ts
FN:7,(anonymous_0)
FN:11,(anonymous_1)
FN:43,(anonymous_2)
FN:48,(anonymous_3)
FNF:4
FNH:4
FNDA:1,(anonymous_0)
FNDA:2,(anonymous_1)
FNDA:21,(anonymous_2)
FNDA:2,(anonymous_3)
DA:4,1
DA:8,1
DA:11,1
DA:12,2
DA:15,2
DA:16,2
DA:17,2
DA:18,2
DA:20,2
DA:21,4
DA:22,4
DA:23,1
DA:25,3
DA:26,3
DA:28,3
DA:29,3
DA:30,1
DA:31,2
DA:32,3
DA:33,1
DA:35,2
DA:37,2
DA:40,2
DA:43,1
DA:44,21
DA:45,21
DA:48,1
DA:49,2
DA:50,2
DA:51,2
DA:52,2
DA:53,0
DA:55,2
DA:56,0
DA:58,2
DA:60,0
DA:61,0
LF:37
LH:33
BRDA:22,0,0,1
BRDA:25,1,0,3
BRDA:29,2,0,1
BRDA:29,3,0,3
BRDA:29,3,1,3
BRDA:32,4,0,1
BRDA:45,5,0,21
BRDA:45,5,1,0
BRDA:45,6,0,21
BRDA:45,6,1,21
BRDA:52,7,0,0
BRDA:55,8,0,0
BRF:12
BRH:9
end_of_record
